<?xml version="1.0" encoding="UTF-8"?>
<!-- Generated by org.testng.reporters.JUnitReportReporter -->
<testsuite hostname="DESKTOP-C3MH26S" name="TestClassPacakge.HomePageTest" tests="3" failures="0" timestamp="12 Oct 2020 08:03:07 GMT" time="86.926" errors="0">
  <testcase name="verifyHomePageTitleTest" time="27.170" classname="TestClassPacakge.HomePageTest"/>
  <testcase name="clickOnContactsLinkTest" time="29.210" classname="TestClassPacakge.HomePageTest"/>
  <testcase name="verifyusernamelabelTest" time="30.546" classname="TestClassPacakge.HomePageTest"/>
</testsuite> <!-- TestClassPacakge.HomePageTest -->
