<?xml version="1.0" encoding="UTF-8"?>
<!-- Generated by org.testng.reporters.JUnitReportReporter -->
<testsuite hostname="DESKTOP-C3MH26S" name="TestClassPacakge.LoginPageTest" tests="1" failures="0" timestamp="10 Oct 2020 11:56:51 GMT" time="9.566" errors="0">
  <testcase name="LoginTest" time="9.566" classname="TestClassPacakge.LoginPageTest"/>
</testsuite> <!-- TestClassPacakge.LoginPageTest -->
